<?xml version="1.0" encoding="UTF-8"?>
<testsuite name="com.example.demo.service.MemberServiceTest2" tests="1" skipped="0" failures="0" errors="0" timestamp="2023-12-11T02:13:59" hostname="DESKTOP-U9QNC9R" time="0.255">
  <properties/>
  <testcase name="이름 중복으로 만들기 실패" classname="com.example.demo.service.MemberServiceTest2" time="0.255"/>
  <system-out><![CDATA[11:13:56.641 [Test worker] DEBUG org.springframework.test.context.BootstrapUtils - Instantiating CacheAwareContextLoaderDelegate from class [org.springframework.test.context.cache.DefaultCacheAwareContextLoaderDelegate]
11:13:56.641 [Test worker] DEBUG org.springframework.test.context.BootstrapUtils - Instantiating BootstrapContext using constructor [public org.springframework.test.context.support.DefaultBootstrapContext(java.lang.Class,org.springframework.test.context.CacheAwareContextLoaderDelegate)]
11:13:56.672 [Test worker] DEBUG org.springframework.test.context.BootstrapUtils - Instantiating TestContextBootstrapper for test class [com.example.demo.service.MemberServiceTest2] from class [org.springframework.boot.test.context.SpringBootTestContextBootstrapper]
11:13:56.672 [Test worker] INFO org.springframework.boot.test.context.SpringBootTestContextBootstrapper - Neither @ContextConfiguration nor @ContextHierarchy found for test class [com.example.demo.service.MemberServiceTest2], using SpringBootContextLoader
11:13:56.672 [Test worker] DEBUG org.springframework.test.context.support.AbstractContextLoader - Did not detect default resource location for test class [com.example.demo.service.MemberServiceTest2]: class path resource [com/example/demo/service/MemberServiceTest2-context.xml] does not exist
11:13:56.672 [Test worker] DEBUG org.springframework.test.context.support.AbstractContextLoader - Did not detect default resource location for test class [com.example.demo.service.MemberServiceTest2]: class path resource [com/example/demo/service/MemberServiceTest2Context.groovy] does not exist
11:13:56.672 [Test worker] INFO org.springframework.test.context.support.AbstractContextLoader - Could not detect default resource locations for test class [com.example.demo.service.MemberServiceTest2]: no resource found for suffixes {-context.xml, Context.groovy}.
11:13:56.672 [Test worker] INFO org.springframework.test.context.support.AnnotationConfigContextLoaderUtils - Could not detect default configuration classes for test class [com.example.demo.service.MemberServiceTest2]: MemberServiceTest2 does not declare any static, non-private, non-final, nested classes annotated with @Configuration.
11:13:56.709 [Test worker] DEBUG org.springframework.test.context.support.ActiveProfilesUtils - Could not find an 'annotation declaring class' for annotation type [org.springframework.test.context.ActiveProfiles] and class [com.example.demo.service.MemberServiceTest2]
11:13:56.757 [Test worker] DEBUG org.springframework.context.annotation.ClassPathScanningCandidateComponentProvider - Identified candidate component class: file [C:\Users\솔루션포커스\spring\JavaTestCode\build\classes\java\main\com\example\demo\MySpringApplication.class]
11:13:56.757 [Test worker] INFO org.springframework.boot.test.context.SpringBootTestContextBootstrapper - Found @SpringBootConfiguration com.example.demo.MySpringApplication for test class com.example.demo.service.MemberServiceTest2
11:13:56.812 [Test worker] DEBUG org.springframework.boot.test.context.SpringBootTestContextBootstrapper - @TestExecutionListeners is not present for class [com.example.demo.service.MemberServiceTest2]: using defaults.
11:13:56.812 [Test worker] INFO org.springframework.boot.test.context.SpringBootTestContextBootstrapper - Loaded default TestExecutionListener class names from location [META-INF/spring.factories]: [org.springframework.boot.test.autoconfigure.restdocs.RestDocsTestExecutionListener, org.springframework.boot.test.autoconfigure.web.client.MockRestServiceServerResetTestExecutionListener, org.springframework.boot.test.autoconfigure.web.servlet.MockMvcPrintOnlyOnFailureTestExecutionListener, org.springframework.boot.test.autoconfigure.web.servlet.WebDriverTestExecutionListener, org.springframework.boot.test.autoconfigure.webservices.client.MockWebServiceServerTestExecutionListener, org.springframework.boot.test.mock.mockito.MockitoTestExecutionListener, org.springframework.boot.test.mock.mockito.ResetMocksTestExecutionListener, org.springframework.test.context.web.ServletTestExecutionListener, org.springframework.test.context.support.DirtiesContextBeforeModesTestExecutionListener, org.springframework.test.context.event.ApplicationEventsTestExecutionListener, org.springframework.test.context.support.DependencyInjectionTestExecutionListener, org.springframework.test.context.support.DirtiesContextTestExecutionListener, org.springframework.test.context.transaction.TransactionalTestExecutionListener, org.springframework.test.context.jdbc.SqlScriptsTestExecutionListener, org.springframework.test.context.event.EventPublishingTestExecutionListener]
11:13:56.828 [Test worker] INFO org.springframework.boot.test.context.SpringBootTestContextBootstrapper - Using TestExecutionListeners: [org.springframework.test.context.web.ServletTestExecutionListener@416c3975, org.springframework.test.context.support.DirtiesContextBeforeModesTestExecutionListener@6322d749, org.springframework.test.context.event.ApplicationEventsTestExecutionListener@36d67b8, org.springframework.boot.test.mock.mockito.MockitoTestExecutionListener@5c7a4a79, org.springframework.boot.test.autoconfigure.SpringBootDependencyInjectionTestExecutionListener@7c7d7712, org.springframework.test.context.support.DirtiesContextTestExecutionListener@9106f4b, org.springframework.test.context.transaction.TransactionalTestExecutionListener@61a89976, org.springframework.test.context.jdbc.SqlScriptsTestExecutionListener@6f0f2eb8, org.springframework.test.context.event.EventPublishingTestExecutionListener@78dd01ac, org.springframework.boot.test.autoconfigure.restdocs.RestDocsTestExecutionListener@723d53cb, org.springframework.boot.test.autoconfigure.web.client.MockRestServiceServerResetTestExecutionListener@57fb07d3, org.springframework.boot.test.autoconfigure.web.servlet.MockMvcPrintOnlyOnFailureTestExecutionListener@4197997a, org.springframework.boot.test.autoconfigure.web.servlet.WebDriverTestExecutionListener@51d72085, org.springframework.boot.test.autoconfigure.webservices.client.MockWebServiceServerTestExecutionListener@496c927f, org.springframework.boot.test.mock.mockito.ResetMocksTestExecutionListener@4626d11e]
11:13:56.841 [Test worker] DEBUG org.springframework.test.context.support.AbstractDirtiesContextTestExecutionListener - Before test class: context [DefaultTestContext@3c3db9b5 testClass = MemberServiceTest2, testInstance = [null], testMethod = [null], testException = [null], mergedContextConfiguration = [WebMergedContextConfiguration@48114194 testClass = MemberServiceTest2, locations = '{}', classes = '{class com.example.demo.MySpringApplication}', contextInitializerClasses = '[]', activeProfiles = '{}', propertySourceLocations = '{}', propertySourceProperties = '{org.springframework.boot.test.context.SpringBootTestContextBootstrapper=true}', contextCustomizers = set[org.springframework.boot.test.autoconfigure.actuate.metrics.MetricsExportContextCustomizerFactory$DisableMetricExportContextCustomizer@404d8c99, org.springframework.boot.test.autoconfigure.properties.PropertyMappingContextCustomizer@0, org.springframework.boot.test.autoconfigure.web.servlet.WebDriverContextCustomizerFactory$Customizer@32c5989, org.springframework.boot.test.context.filter.ExcludeFilterContextCustomizer@726ca3e0, org.springframework.boot.test.json.DuplicateJsonObjectContextCustomizerFactory$DuplicateJsonObjectContextCustomizer@704c5ade, org.springframework.boot.test.mock.mockito.MockitoContextCustomizer@0, org.springframework.boot.test.web.client.TestRestTemplateContextCustomizer@4c32b926, org.springframework.boot.test.context.SpringBootTestArgs@1, org.springframework.boot.test.context.SpringBootTestWebEnvironment@5a47d222], resourceBasePath = 'src/main/webapp', contextLoader = 'org.springframework.boot.test.context.SpringBootContextLoader', parent = [null]], attributes = map['org.springframework.test.context.web.ServletTestExecutionListener.activateListener' -> true]], class annotated with @DirtiesContext [false] with mode [null].
11:13:56.857 [Test worker] DEBUG org.springframework.test.context.support.TestPropertySourceUtils - Adding inlined properties to environment: {spring.jmx.enabled=false, org.springframework.boot.test.context.SpringBootTestContextBootstrapper=true}

  .   ____          _            __ _ _
 /\\ / ___'_ __ _ _(_)_ __  __ _ \ \ \ \
( ( )\___ | '_ | '_| | '_ \/ _` | \ \ \ \
 \\/  ___)| |_)| | | | | || (_| |  ) ) ) )
  '  |____| .__|_| |_|_| |_\__, | / / / /
 =========|_|==============|___/=/_/_/_/
 :: Spring Boot ::                (v2.5.5)

2023-12-11 11:13:57.041  INFO 14100 --- [    Test worker] c.e.demo.service.MemberServiceTest2      : Starting MemberServiceTest2 using Java 1.8.0_202 on DESKTOP-U9QNC9R with PID 14100 (started by 솔루션포커스 in C:\Users\솔루션포커스\spring\JavaTestCode)
2023-12-11 11:13:57.041  INFO 14100 --- [    Test worker] c.e.demo.service.MemberServiceTest2      : No active profile set, falling back to default profiles: default
2023-12-11 11:13:57.504  INFO 14100 --- [    Test worker] .s.d.r.c.RepositoryConfigurationDelegate : Bootstrapping Spring Data JPA repositories in DEFAULT mode.
2023-12-11 11:13:57.541  INFO 14100 --- [    Test worker] .s.d.r.c.RepositoryConfigurationDelegate : Finished Spring Data repository scanning in 35 ms. Found 1 JPA repository interfaces.
2023-12-11 11:13:57.873  INFO 14100 --- [    Test worker] com.zaxxer.hikari.HikariDataSource       : HikariPool-1 - Starting...
2023-12-11 11:13:58.041  INFO 14100 --- [    Test worker] com.zaxxer.hikari.HikariDataSource       : HikariPool-1 - Start completed.
2023-12-11 11:13:58.072  INFO 14100 --- [    Test worker] o.hibernate.jpa.internal.util.LogHelper  : HHH000204: Processing PersistenceUnitInfo [name: default]
2023-12-11 11:13:58.119  INFO 14100 --- [    Test worker] org.hibernate.Version                    : HHH000412: Hibernate ORM core version 5.4.32.Final
2023-12-11 11:13:58.221  INFO 14100 --- [    Test worker] o.hibernate.annotations.common.Version   : HCANN000001: Hibernate Commons Annotations {5.1.2.Final}
2023-12-11 11:13:58.304  INFO 14100 --- [    Test worker] org.hibernate.dialect.Dialect            : HHH000400: Using dialect: org.hibernate.dialect.H2Dialect
2023-12-11 11:13:58.689  INFO 14100 --- [    Test worker] o.h.e.t.j.p.i.JtaPlatformInitiator       : HHH000490: Using JtaPlatform implementation: [org.hibernate.engine.transaction.jta.platform.internal.NoJtaPlatform]
2023-12-11 11:13:58.704  INFO 14100 --- [    Test worker] j.LocalContainerEntityManagerFactoryBean : Initialized JPA EntityManagerFactory for persistence unit 'default'
2023-12-11 11:13:59.157  WARN 14100 --- [    Test worker] JpaBaseConfiguration$JpaWebConfiguration : spring.jpa.open-in-view is enabled by default. Therefore, database queries may be performed during view rendering. Explicitly configure spring.jpa.open-in-view to disable this warning
2023-12-11 11:13:59.740  INFO 14100 --- [    Test worker] c.e.demo.service.MemberServiceTest2      : Started MemberServiceTest2 in 2.881 seconds (JVM running for 3.695)
]]></system-out>
  <system-err><![CDATA[]]></system-err>
</testsuite>
